app/build/intermediates/manifest_merge_blame_file/debug/processDebugMainManifest/manifest-merger-blame-debug-report.txt
1<?xml version="1.0" encoding="utf-8"?>
2<manifest xmlns:android="http://schemas.android.com/apk/res/android"
3    package="com.example.btvideo"
4    android:versionCode="1"
5    android:versionName="1.0" >
6
7    <uses-sdk
8        android:minSdkVersion="26"
9        android:targetSdkVersion="35" />
10
11    <uses-feature
11-->src\main\AndroidManifest.xml:3:5-87
12        android:name="android.hardware.bluetooth"
12-->src\main\AndroidManifest.xml:3:19-60
13        android:required="true" />
13-->src\main\AndroidManifest.xml:3:61-84
14
15    <uses-permission android:name="android.permission.INTERNET" />
15-->src\main\AndroidManifest.xml:5:5-67
15-->src\main\AndroidManifest.xml:5:22-64
16    <uses-permission
16-->src\main\AndroidManifest.xml:7:5-95
17        android:name="android.permission.BLUETOOTH"
17-->src\main\AndroidManifest.xml:7:22-65
18        android:maxSdkVersion="30" />
18-->src\main\AndroidManifest.xml:7:66-92
19    <uses-permission
19-->src\main\AndroidManifest.xml:8:5-101
20        android:name="android.permission.BLUETOOTH_ADMIN"
20-->src\main\AndroidManifest.xml:8:22-71
21        android:maxSdkVersion="30" />
21-->src\main\AndroidManifest.xml:8:72-98
22    <uses-permission
22-->src\main\AndroidManifest.xml:9:5-106
23        android:name="android.permission.ACCESS_FINE_LOCATION"
23-->src\main\AndroidManifest.xml:9:22-76
24        android:maxSdkVersion="30" />
24-->src\main\AndroidManifest.xml:9:77-103
25    <uses-permission
25-->src\main\AndroidManifest.xml:11:5-12:58
26        android:name="android.permission.BLUETOOTH_SCAN"
26-->src\main\AndroidManifest.xml:11:22-70
27        android:usesPermissionFlags="neverForLocation" />
27-->src\main\AndroidManifest.xml:12:9-55
28    <uses-permission android:name="android.permission.BLUETOOTH_ADVERTISE" />
28-->src\main\AndroidManifest.xml:13:5-78
28-->src\main\AndroidManifest.xml:13:22-75
29    <uses-permission android:name="android.permission.BLUETOOTH_CONNECT" />
29-->src\main\AndroidManifest.xml:14:5-76
29-->src\main\AndroidManifest.xml:14:22-73
30
31    <application
31-->src\main\AndroidManifest.xml:16:5-29:19
32        android:allowBackup="true"
32-->src\main\AndroidManifest.xml:17:9-35
33        android:debuggable="true"
34        android:extractNativeLibs="false"
35        android:label="BT Video Player"
35-->src\main\AndroidManifest.xml:19:9-40
36        android:testOnly="true"
37        android:theme="@style/Theme.BtVideo.Guinda"
37-->src\main\AndroidManifest.xml:18:9-52
38        android:usesCleartextTraffic="true" >
38-->src\main\AndroidManifest.xml:20:9-44
39        <activity
39-->src\main\AndroidManifest.xml:21:9-92
40            android:name="com.example.btvideo.ui.ClientActivity"
40-->src\main\AndroidManifest.xml:21:19-52
41            android:screenOrientation="portrait" />
41-->src\main\AndroidManifest.xml:21:53-89
42        <activity
42-->src\main\AndroidManifest.xml:22:9-92
43            android:name="com.example.btvideo.ui.ServerActivity"
43-->src\main\AndroidManifest.xml:22:19-52
44            android:screenOrientation="portrait" />
44-->src\main\AndroidManifest.xml:22:53-89
45        <activity
45-->src\main\AndroidManifest.xml:23:9-28:20
46            android:name="com.example.btvideo.ui.MainActivity"
46-->src\main\AndroidManifest.xml:23:19-50
47            android:exported="true" >
47-->src\main\AndroidManifest.xml:23:51-74
48            <intent-filter>
48-->src\main\AndroidManifest.xml:24:13-27:29
49                <action android:name="android.intent.action.MAIN" />
49-->src\main\AndroidManifest.xml:25:17-69
49-->src\main\AndroidManifest.xml:25:25-66
50
51                <category android:name="android.intent.category.LAUNCHER" />
51-->src\main\AndroidManifest.xml:26:17-77
51-->src\main\AndroidManifest.xml:26:27-74
52            </intent-filter>
53        </activity>
54    </application>
55
56</manifest>